<html>
<body>
<pre>
<h1>Vision Build Log</h1>
<h2>Project:</h2>
E:\程序代码\花样灯\huayangLED.uvproj
Project File Date:  03/24/2019

<h2>Output:</h2>
Build target 'Target 1'
Target has no object modules
Target not created
Build target 'Target 1'
compiling huayangLED.c...
HUAYANGLED.C(9): error C141: syntax error near 'void'
HUAYANGLED.C(10): error C141: syntax error near '{'
HUAYANGLED.C(12): error C141: syntax error near 'for'
HUAYANGLED.C(12): error C141: syntax error near '=', expected ')'
HUAYANGLED.C(12): error C129: missing ';' before '>'
Target not created
Build target 'Target 1'
compiling huayangLED.c...
huayangLED.c(2): warning C315: unknown #directive 'defined'
huayangLED.c(3): warning C315: unknown #directive 'defined'
HUAYANGLED.C(4): error C129: missing ';' before 'code'
Target not created
Build target 'Target 1'
compiling huayangLED.c...
HUAYANGLED.C(27): error C141: syntax error near 'for'
Target not created
Build target 'Target 1'
compiling huayangLED.c...
linking...
*** WARNING L16: UNCALLED SEGMENT, IGNORED FOR OVERLAY PROCESS
    SEGMENT: ?CO?HUAYANGLED
Program Size: data=9.0 xdata=0 code=122
creating hex file from "huayangLED"...
"huayangLED" - 0 Error(s), 1 Warning(s).
Build target 'Target 1'
compiling huayangLED.c...
linking...
Program Size: data=9.0 xdata=0 code=139
creating hex file from "huayangLED"...
"huayangLED" - 0 Error(s), 0 Warning(s).
