<html>
<body>
<pre>
<h1>Vision Build Log</h1>
<h2>Project:</h2>
E:\单片机程序代码\液晶板实验-时钟\clock.uvproj
Project File Date:  05/10/2019

<h2>Output:</h2>
Build target 'Target 1'
Target has no object modules
Target not created
Build target 'Target 1'
Target has no object modules
Target not created
Build target 'Target 1'
compiling clock.c...
CLOCK.C(22): error C141: syntax error near 'unsigned'
CLOCK.C(22): error C279: 'table1': multiple initialization
CLOCK.C(23): error C141: syntax error near 'void'
CLOCK.C(24): error C141: syntax error near '{'
CLOCK.C(26): error C141: syntax error near 'for'
CLOCK.C(26): error C141: syntax error near '=', expected ')'
CLOCK.C(26): error C129: missing ';' before '>'
Target not created
Build target 'Target 1'
compiling clock.c...
CLOCK.C(22): error C279: 'table1': multiple initialization
CLOCK.C(70): error C202: 'table2': undefined identifier
CLOCK.C(80): error C141: syntax error near 'ET0'
CLOCK.C(90): error C100: unprintable character 0xA3 skipped
CLOCK.C(90): error C100: unprintable character 0xBB skipped
CLOCK.C(90): error C202: 'add': undefined identifier
CLOCK.C(92): error C141: syntax error near 'write_dat'
Target not created
Build target 'Target 1'
compiling clock.c...
CLOCK.C(22): error C279: 'table1': multiple initialization
CLOCK.C(70): error C202: 'table2': undefined identifier
CLOCK.C(80): error C141: syntax error near 'ET0'
CLOCK.C(90): error C100: unprintable character 0xA3 skipped
CLOCK.C(90): error C100: unprintable character 0xBB skipped
CLOCK.C(90): error C202: 'add': undefined identifier
CLOCK.C(92): error C141: syntax error near 'write_dat'
Target not created
Build target 'Target 1'
compiling clock.c...
CLOCK.C(80): error C141: syntax error near 'ET0'
CLOCK.C(90): error C100: unprintable character 0xA3 skipped
CLOCK.C(90): error C100: unprintable character 0xBB skipped
CLOCK.C(90): error C202: 'add': undefined identifier
CLOCK.C(92): error C141: syntax error near 'write_dat'
Target not created
Build target 'Target 1'
compiling clock.c...
CLOCK.C(90): error C100: unprintable character 0xA3 skipped
CLOCK.C(90): error C100: unprintable character 0xBB skipped
CLOCK.C(90): error C202: 'add': undefined identifier
CLOCK.C(92): error C141: syntax error near 'write_dat'
Target not created
Build target 'Target 1'
compiling clock.c...
CLOCK.C(90): error C202: 'add': undefined identifier
Target not created
Build target 'Target 1'
compiling clock.c...
linking...
Program Size: data=13.0 xdata=0 code=296
creating hex file from "clock"...
"clock" - 0 Error(s), 0 Warning(s).
Build target 'Target 1'
compiling clock.c...
linking...
Program Size: data=13.0 xdata=0 code=301
creating hex file from "clock"...
"clock" - 0 Error(s), 0 Warning(s).
Build target 'Target 1'
compiling clock.c...
linking...
Program Size: data=13.0 xdata=0 code=301
creating hex file from "clock"...
"clock" - 0 Error(s), 0 Warning(s).
Build target 'Target 1'
compiling clock.c...
linking...
Program Size: data=13.0 xdata=0 code=301
creating hex file from "clock"...
"clock" - 0 Error(s), 0 Warning(s).
Build target 'Target 1'
compiling clock.c...
linking...
Program Size: data=13.0 xdata=0 code=301
creating hex file from "clock"...
"clock" - 0 Error(s), 0 Warning(s).
Build target 'Target 1'
compiling clock.c...
linking...
Program Size: data=13.0 xdata=0 code=301
creating hex file from "clock"...
"clock" - 0 Error(s), 0 Warning(s).
Build target 'Target 1'
compiling clock.c...
linking...
Program Size: data=13.0 xdata=0 code=301
creating hex file from "clock"...
"clock" - 0 Error(s), 0 Warning(s).
Build target 'Target 1'
compiling clock.c...
CLOCK.C(74): warning C206: 'init_T0': missing function-prototype
CLOCK.C(77): error C231: 'init_T0': redefinition
CLOCK.C(84): error C231: 'init_T0': redefinition
Target not created
Build target 'Target 1'
compiling clock.c...
linking...
Program Size: data=13.0 xdata=0 code=301
creating hex file from "clock"...
"clock" - 0 Error(s), 0 Warning(s).
Build target 'Target 1'
compiling clock.c...
linking...
Program Size: data=13.0 xdata=0 code=301
creating hex file from "clock"...
"clock" - 0 Error(s), 0 Warning(s).
Build target 'Target 1'
compiling clock.c...
linking...
Program Size: data=13.0 xdata=0 code=301
creating hex file from "clock"...
"clock" - 0 Error(s), 0 Warning(s).
Build target 'Target 1'
compiling clock.c...
linking...
Program Size: data=13.0 xdata=0 code=301
creating hex file from "clock"...
"clock" - 0 Error(s), 0 Warning(s).
Build target 'Target 1'
compiling clock.c...
linking...
Program Size: data=13.0 xdata=0 code=301
creating hex file from "clock"...
"clock" - 0 Error(s), 0 Warning(s).
Build target 'Target 1'
compiling clock.c...
linking...
Program Size: data=13.0 xdata=0 code=301
creating hex file from "clock"...
"clock" - 0 Error(s), 0 Warning(s).
Build target 'Target 1'
compiling clock.c...
linking...
Program Size: data=13.0 xdata=0 code=301
creating hex file from "clock"...
"clock" - 0 Error(s), 0 Warning(s).
Build target 'Target 1'
compiling clock.c...
linking...
Program Size: data=13.0 xdata=0 code=301
creating hex file from "clock"...
"clock" - 0 Error(s), 0 Warning(s).
