<html>
<body>
<pre>
<h1>Vision Build Log</h1>
<h2>Project:</h2>
E:\单片机程序代码\7.矩阵16个按键显示1-16的平法\hang1-16.uvproj
Project File Date:  04/18/2019

<h2>Output:</h2>
Build target 'Target 1'
compiling matrixkey_1-16^2.c...
MATRIXKEY_1-16^2.C(23): error C202: 'O': undefined identifier
MATRIXKEY_1-16^2.C(27): error C141: syntax error near 'temp'
Target not created
Build target 'Target 1'
compiling matrixkey_1-16^2.c...
MATRIXKEY_1-16^2.C(27): error C141: syntax error near 'temp'
Target not created
Build target 'Target 1'
compiling matrixkey_1-16^2.c...
MATRIXKEY_1-16^2.C(28): warning C280: 'a': unreferenced local variable
MATRIXKEY_1-16^2.C(39): warning C206: 'keyscan': missing function-prototype
MATRIXKEY_1-16^2.C(75): error C231: 'keyscan': redefinition
Target not created
Build target 'Target 1'
compiling matrixkey_1-16^2.c...
MATRIXKEY_1-16^2.C(39): warning C206: 'keyscan': missing function-prototype
MATRIXKEY_1-16^2.C(75): error C231: 'keyscan': redefinition
Target not created
Build target 'Target 1'
compiling matrixkey_1-16^2.c...
MATRIXKEY_1-16^2.C(90): warning C206: 'swich': missing function-prototype
MATRIXKEY_1-16^2.C(90): error C267: 'swich': requires ANSI-style prototype
MATRIXKEY_1-16^2.C(90): error C141: syntax error near '{'
MATRIXKEY_1-16^2.C(92): error C172: 'case': missing enclosing switch
MATRIXKEY_1-16^2.C(99): error C172: 'case': missing enclosing switch
MATRIXKEY_1-16^2.C(106): error C172: 'case': missing enclosing switch
MATRIXKEY_1-16^2.C(113): error C172: 'case': missing enclosing switch
MATRIXKEY_1-16^2.C(133): error C141: syntax error near '{'
MATRIXKEY_1-16^2.C(135): error C172: 'case': missing enclosing switch
MATRIXKEY_1-16^2.C(142): error C172: 'case': missing enclosing switch
MATRIXKEY_1-16^2.C(149): error C172: 'case': missing enclosing switch
MATRIXKEY_1-16^2.C(156): error C172: 'case': missing enclosing switch
MATRIXKEY_1-16^2.C(176): error C141: syntax error near '{'
MATRIXKEY_1-16^2.C(178): error C172: 'case': missing enclosing switch
MATRIXKEY_1-16^2.C(185): error C172: 'case': missing enclosing switch
MATRIXKEY_1-16^2.C(192): error C172: 'case': missing enclosing switch
MATRIXKEY_1-16^2.C(199): error C172: 'case': missing enclosing switch
MATRIXKEY_1-16^2.C(219): error C141: syntax error near '{'
MATRIXKEY_1-16^2.C(221): error C172: 'case': missing enclosing switch
MATRIXKEY_1-16^2.C(228): error C172: 'case': missing enclosing switch
MATRIXKEY_1-16^2.C(235): error C172: 'case': missing enclosing switch
MATRIXKEY_1-16^2.C(242): error C172: 'case': missing enclosing switch
Target not created
Build target 'Target 1'
compiling matrixkey_1-16^2.c...
MATRIXKEY_1-16^2.C(120): error C141: syntax error near 'break', expected ':'
Target not created
Build target 'Target 1'
compiling matrixkey_1-16^2.c...
linking...
Program Size: data=14.0 xdata=0 code=624
"hang1-16" - 0 Error(s), 0 Warning(s).
Build target 'Target 1'
compiling matrixkey_1-16^2.c...
linking...
Program Size: data=14.0 xdata=0 code=624
"hang1-16" - 0 Error(s), 0 Warning(s).
Build target 'Target 1'
compiling matrixkey_1-16^2.c...
linking...
Program Size: data=14.0 xdata=0 code=624
"hang1-16" - 0 Error(s), 0 Warning(s).
Build target 'Target 1'
compiling matrixkey_1-16^2.c...
linking...
Program Size: data=14.0 xdata=0 code=624
creating hex file from "hang1-16"...
"hang1-16" - 0 Error(s), 0 Warning(s).
Build target 'Target 1'
compiling matrixkey_1-16^2.c...
linking...
Program Size: data=14.0 xdata=0 code=624
creating hex file from "hang1-16"...
"hang1-16" - 0 Error(s), 0 Warning(s).
Build target 'Target 1'
compiling matrixkey_1-16^2.c...
MATRIXKEY_1-16^2.C(41): warning C209: '_display': too few actual parameters
MATRIXKEY_1-16^2.C(50): error C231: 'bai': redefinition
Target not created
Build target 'Target 1'
compiling matrixkey_1-16^2.c...
MATRIXKEY_1-16^2.C(51): error C231: 'bai': redefinition
Target not created
Build target 'Target 1'
compiling matrixkey_1-16^2.c...
MATRIXKEY_1-16^2.C(51): error C231: 'bai': redefinition
Target not created
Build target 'Target 1'
compiling matrixkey_1-16^2.c...
MATRIXKEY_1-16^2.C(51): error C231: 'bai': redefinition
Target not created
Build target 'Target 1'
compiling matrixkey_1-16^2.c...
MATRIXKEY_1-16^2.C(51): error C231: 'bai': redefinition
Target not created
Build target 'Target 1'
compiling matrixkey_1-16^2.c...
MATRIXKEY_1-16^2.C(51): error C231: 'bai': redefinition
Target not created
Build target 'Target 1'
compiling matrixkey_1-16^2.c...
MATRIXKEY_1-16^2.C(51): error C202: 'bai': undefined identifier
MATRIXKEY_1-16^2.C(52): error C202: 'shi': undefined identifier
MATRIXKEY_1-16^2.C(53): error C202: 'ge': undefined identifier
MATRIXKEY_1-16^2.C(59): error C202: 'bai': undefined identifier
MATRIXKEY_1-16^2.C(68): error C202: 'shi': undefined identifier
MATRIXKEY_1-16^2.C(77): error C202: 'ge': undefined identifier
Target not created
Build target 'Target 1'
compiling matrixkey_1-16^2.c...
MATRIXKEY_1-16^2.C(51): error C231: 'bai': redefinition
Target not created
Build target 'Target 1'
compiling matrixkey_1-16^2.c...
linking...
Program Size: data=12.0 xdata=0 code=366
creating hex file from "hang1-16"...
"hang1-16" - 0 Error(s), 0 Warning(s).
Build target 'Target 1'
compiling matrixkey_1-16^2.c...
linking...
Program Size: data=14.0 xdata=0 code=378
creating hex file from "hang1-16"...
"hang1-16" - 0 Error(s), 0 Warning(s).
Build target 'Target 1'
compiling matrixkey_1-16^2.c...
MATRIXKEY_1-16^2.C(35): warning C206: 'printf': missing function-prototype
MATRIXKEY_1-16^2.C(35): error C267: 'printf': requires ANSI-style prototype
Target not created
Build target 'Target 1'
compiling matrixkey_1-16^2.c...
MATRIXKEY_1-16^2.C(41): error C141: syntax error near 'shi'
MATRIXKEY_1-16^2.C(43): error C231: 'ba': redefinition
Target not created
Build target 'Target 1'
compiling matrixkey_1-16^2.c...
MATRIXKEY_1-16^2.C(41): error C141: syntax error near 'shi'
MATRIXKEY_1-16^2.C(43): error C231: 'ba': redefinition
Target not created
Build target 'Target 1'
compiling matrixkey_1-16^2.c...
MATRIXKEY_1-16^2.C(43): error C231: 'ba': redefinition
Target not created
Build target 'Target 1'
compiling matrixkey_1-16^2.c...
linking...
Program Size: data=14.0 xdata=0 code=540
creating hex file from "hang1-16"...
"hang1-16" - 0 Error(s), 0 Warning(s).
Build target 'Target 1'
compiling matrixkey_1-16^2.c...
linking...
Program Size: data=14.0 xdata=0 code=540
creating hex file from "hang1-16"...
"hang1-16" - 0 Error(s), 0 Warning(s).
Build target 'Target 1'
compiling matrixkey_1-16^2.c...
linking...
Program Size: data=14.0 xdata=0 code=540
creating hex file from "hang1-16"...
"hang1-16" - 0 Error(s), 0 Warning(s).
Build target 'Target 1'
compiling matrixkey_1-16^2.c...
linking...
Program Size: data=14.0 xdata=0 code=655
creating hex file from "hang1-16"...
"hang1-16" - 0 Error(s), 0 Warning(s).
Build target 'Target 1'
compiling matrixkey_1-16^2.c...
linking...
Program Size: data=14.0 xdata=0 code=667
creating hex file from "hang1-16"...
"hang1-16" - 0 Error(s), 0 Warning(s).
Build target 'Target 1'
compiling matrixkey_1-16^2.c...
MATRIXKEY_1-16^2.C(43): error C231: 'bai': redefinition
MATRIXKEY_1-16^2.C(51): error C202: 'ba': undefined identifier
Target not created
Build target 'Target 1'
compiling matrixkey_1-16^2.c...
MATRIXKEY_1-16^2.C(43): error C231: 'bai': redefinition
MATRIXKEY_1-16^2.C(51): error C202: 'ba': undefined identifier
Target not created
Build target 'Target 1'
compiling matrixkey_1-16^2.c...
MATRIXKEY_1-16^2.C(43): error C231: 'bai': redefinition
Target not created
Build target 'Target 1'
compiling matrixkey_1-16^2.c...
MATRIXKEY_1-16^2.C(43): error C231: 'bai': redefinition
Target not created
Build target 'Target 1'
compiling matrixkey_1-16^2.c...
MATRIXKEY_1-16^2.C(43): error C231: 'bai': redefinition
Target not created
Build target 'Target 1'
compiling matrixkey_1-16^2.c...
MATRIXKEY_1-16^2.C(26): error C141: syntax error near 'unsigned'
Target not created
Build target 'Target 1'
compiling matrixkey_1-16^2.c...
linking...
Program Size: data=18.0 xdata=0 code=668
creating hex file from "hang1-16"...
"hang1-16" - 0 Error(s), 0 Warning(s).
